app/build/outputs/logs/manifest-merger-debug-report.txt
-- Merging decision tree log ---
manifest
ADDED from src\main\AndroidManifest.xml:1:1-57:12
	package
		ADDED from src\main\AndroidManifest.xml:2:5-40
		INJECTED from src\main\AndroidManifest.xml
		INJECTED from src\main\AndroidManifest.xml
	android:versionName
		ADDED from src\main\AndroidManifest.xml:4:5-30
		INJECTED from src\main\AndroidManifest.xml
		INJECTED from src\main\AndroidManifest.xml
	android:versionCode
		ADDED from src\main\AndroidManifest.xml:3:5-28
		INJECTED from src\main\AndroidManifest.xml
		INJECTED from src\main\AndroidManifest.xml
	xmlns:android
		ADDED from src\main\AndroidManifest.xml:1:11-69
uses-sdk
ADDED from src\main\AndroidManifest.xml:6:5-8:41
	android:targetSdkVersion
		ADDED from src\main\AndroidManifest.xml:8:9-38
		INJECTED from src\main\AndroidManifest.xml
		INJECTED from src\main\AndroidManifest.xml
	android:minSdkVersion
		ADDED from src\main\AndroidManifest.xml:7:9-34
		INJECTED from src\main\AndroidManifest.xml
		INJECTED from src\main\AndroidManifest.xml
supports-screens
ADDED from src\main\AndroidManifest.xml:10:5-14:40
	android:largeScreens
		ADDED from src\main\AndroidManifest.xml:12:9-36
	android:smallScreens
		ADDED from src\main\AndroidManifest.xml:14:9-37
	android:normalScreens
		ADDED from src\main\AndroidManifest.xml:13:9-37
	android:anyDensity
		ADDED from src\main\AndroidManifest.xml:11:9-35
uses-permission#android.permission.INTERNET
ADDED from src\main\AndroidManifest.xml:17:5-67
	android:name
		ADDED from src\main\AndroidManifest.xml:17:22-64
uses-permission#android.permission.ACCESS_NETWORK_STATE
ADDED from src\main\AndroidManifest.xml:19:5-79
	android:name
		ADDED from src\main\AndroidManifest.xml:19:22-76
application
ADDED from src\main\AndroidManifest.xml:21:5-55:19
	android:label
		ADDED from src\main\AndroidManifest.xml:23:9-41
	android:icon
		ADDED from src\main\AndroidManifest.xml:22:9-45
	android:theme
		ADDED from src\main\AndroidManifest.xml:24:9-40
activity#com.example.ecampusmobile.eCampusMainActivity
ADDED from src\main\AndroidManifest.xml:25:9-32:20
	android:label
		ADDED from src\main\AndroidManifest.xml:27:13-73
	android:name
		ADDED from src\main\AndroidManifest.xml:26:13-48
intent-filter#android.intent.action.MAIN+android.intent.category.LAUNCHER
ADDED from src\main\AndroidManifest.xml:28:13-31:29
action#android.intent.action.MAIN
ADDED from src\main\AndroidManifest.xml:29:17-69
	android:name
		ADDED from src\main\AndroidManifest.xml:29:25-66
category#android.intent.category.LAUNCHER
ADDED from src\main\AndroidManifest.xml:30:17-77
	android:name
		ADDED from src\main\AndroidManifest.xml:30:27-74
activity#com.example.ecampusmobile.phtregistrationActivity
ADDED from src\main\AndroidManifest.xml:33:9-36:20
	android:label
		ADDED from src\main\AndroidManifest.xml:35:13-41
	android:name
		ADDED from src\main\AndroidManifest.xml:34:13-52
activity#com.example.ecampusmobile.phtregistrationpage2Activity
ADDED from src\main\AndroidManifest.xml:37:9-41:20
	android:label
		ADDED from src\main\AndroidManifest.xml:39:13-48
	android:name
		ADDED from src\main\AndroidManifest.xml:38:13-57
activity#com.example.ecampusmobile.lastActivity
ADDED from src\main\AndroidManifest.xml:42:9-45:20
	android:label
		ADDED from src\main\AndroidManifest.xml:44:13-48
	android:name
		ADDED from src\main\AndroidManifest.xml:43:13-41
activity#com.example.ecampusmobile.ReagistrationStatusActivity
ADDED from src\main\AndroidManifest.xml:46:9-49:20
	android:label
		ADDED from src\main\AndroidManifest.xml:48:13-48
	android:name
		ADDED from src\main\AndroidManifest.xml:47:13-56
activity#com.example.ecampusmobile.DuplicateActivity
ADDED from src\main\AndroidManifest.xml:50:9-54:20
	android:label
		ADDED from src\main\AndroidManifest.xml:52:13-61
	android:name
		ADDED from src\main\AndroidManifest.xml:51:13-46